2023-03-14 15:29:25,307 0      [  restartedMain] INFO  aba.druid.pool.DruidDataSource  - {dataSource-1} inited
2023-03-14 15:29:38,258 12951  [extShutdownHook] INFO  aba.druid.pool.DruidDataSource  - {dataSource-1} closed
2023-03-14 15:36:08,033 0      [  restartedMain] INFO  aba.druid.pool.DruidDataSource  - {dataSource-1} inited
2023-03-14 15:36:39,671 31638  [nio-8800-exec-2] INFO  .service.impl.LoginServiceImpl  - 020406Ax#!-#!-#!1678779398731
2023-03-14 15:39:54,044 226011 [       Thread-5] INFO  aba.druid.pool.DruidDataSource  - {dataSource-1} closed
2023-03-14 15:39:58,703 230670 [  restartedMain] INFO  aba.druid.pool.DruidDataSource  - {dataSource-2} inited
2023-03-14 15:40:02,985 234952 [       Thread-9] INFO  aba.druid.pool.DruidDataSource  - {dataSource-2} closed
2023-03-14 15:40:05,344 237311 [  restartedMain] INFO  aba.druid.pool.DruidDataSource  - {dataSource-3} inited
2023-03-14 16:05:45,197 1777164 [      Thread-14] INFO  aba.druid.pool.DruidDataSource  - {dataSource-3} closed
2023-03-14 16:05:51,704 1783671 [  restartedMain] INFO  aba.druid.pool.DruidDataSource  - {dataSource-4} inited
2023-03-14 16:05:53,485 1785452 [  restartedMain] INFO  aba.druid.pool.DruidDataSource  - {dataSource-4} closed
2023-03-14 16:18:56,413 0      [  restartedMain] INFO  aba.druid.pool.DruidDataSource  - {dataSource-1} inited
2023-03-14 16:19:36,916 40503  [nio-8800-exec-2] INFO  .service.impl.LoginServiceImpl  - 020406Ax#!-#!-#!1678781976074
2023-03-14 16:27:29,034 512621 [extShutdownHook] INFO  aba.druid.pool.DruidDataSource  - {dataSource-1} closed
2023-03-14 16:28:22,948 0      [  restartedMain] INFO  aba.druid.pool.DruidDataSource  - {dataSource-1} inited
2023-03-14 16:31:41,354 198406 [nio-8800-exec-9] INFO  .service.impl.LoginServiceImpl  - 020406Ax#!-#!-#!1678782700336
2023-03-14 16:36:04,332 461384 [nio-8800-exec-3] INFO  .service.impl.LoginServiceImpl  - 020406Ax#!-#!-#!1678782964318
2023-03-14 16:36:26,618 483670 [extShutdownHook] INFO  aba.druid.pool.DruidDataSource  - {dataSource-1} closed
2023-03-14 16:36:56,336 0      [  restartedMain] INFO  aba.druid.pool.DruidDataSource  - {dataSource-1} inited
2023-03-14 17:19:50,497 2574161 [nio-8800-exec-2] INFO  .service.impl.LoginServiceImpl  - 020406Ax#!-#!-#!1678785587038
2023-03-15 10:15:11,306 63494970 [nio-8800-exec-3] INFO  .service.impl.LoginServiceImpl  - Zhongyuan222#!-#!-#!1678846509336
2023-03-15 10:15:13,414 63497078 [nio-8800-exec-4] INFO  .service.impl.LoginServiceImpl  - Zhongyuan222#!-#!-#!1678846513127
2023-03-15 10:16:07,165 63550829 [nio-8800-exec-5] INFO  .service.impl.LoginServiceImpl  - Zhongyuan222#!-#!-#!1678846567487
2023-03-15 10:16:25,500 63569164 [nio-8800-exec-6] INFO  .service.impl.LoginServiceImpl  - Zhongyuan222#!-#!-#!1678846585829
2023-03-15 17:00:30,440 87814104 [extShutdownHook] INFO  aba.druid.pool.DruidDataSource  - {dataSource-1} closed
2023-03-16 10:02:14,496 1      [  restartedMain] INFO  aba.druid.pool.DruidDataSource  - {dataSource-1} inited
2023-03-16 10:23:15,629 1261134 [extShutdownHook] INFO  aba.druid.pool.DruidDataSource  - {dataSource-1} closed
2023-03-16 10:29:27,922 1      [  restartedMain] INFO  aba.druid.pool.DruidDataSource  - {dataSource-1,edb} inited
2023-03-16 10:29:27,935 14     [  restartedMain] INFO  aba.druid.pool.DruidDataSource  - {dataSource-2,mwms_prd} inited
2023-03-16 10:30:33,924 0      [  restartedMain] INFO  aba.druid.pool.DruidDataSource  - {dataSource-1,edb} inited
2023-03-16 10:30:33,929 5      [  restartedMain] INFO  aba.druid.pool.DruidDataSource  - {dataSource-2,mwms_prd} inited
2023-03-16 10:33:56,210 202286 [nio-8800-exec-5] INFO  .service.impl.LoginServiceImpl  - Zhongyuan222#!-#!-#!1678934036586
2023-03-16 10:34:37,312 243388 [nio-8800-exec-6] INFO  .service.impl.LoginServiceImpl  - 3ad11e05421860135ec170dc44872e2ce7ee9b68d816f214d3bcdf44e30f0c26480780a190ce81f47995815a9779186e5cc0d34a43a48b32b9de5ce9f1dacd648a23a80854d32a35c46fef6f218ceef8e01eb16a584e8d22b569fcc68a00281f01fbb5dc1d784057d3b6719fcbe197c5872503df017a99bc4a534794990aa5ce#!-#!-#!1678934077703
2023-03-16 10:50:12,658 1178734 [nio-8800-exec-9] INFO  .service.impl.LoginServiceImpl  - 020406Ax#!-#!-#!1678935012635
2023-03-16 15:03:43,703 16389779 [extShutdownHook] INFO  aba.druid.pool.DruidDataSource  - {dataSource-1} closed
2023-03-16 15:03:43,714 16389790 [extShutdownHook] INFO  aba.druid.pool.DruidDataSource  - {dataSource-2} closed
2023-03-16 15:04:39,020 0      [  restartedMain] INFO  aba.druid.pool.DruidDataSource  - {dataSource-1,edb} inited
2023-03-16 15:04:39,027 7      [  restartedMain] INFO  aba.druid.pool.DruidDataSource  - {dataSource-2,mwms_prd} inited
2023-03-16 15:27:14,867 1355847 [extShutdownHook] INFO  aba.druid.pool.DruidDataSource  - {dataSource-1} closed
2023-03-16 15:27:14,875 1355855 [extShutdownHook] INFO  aba.druid.pool.DruidDataSource  - {dataSource-2} closed
2023-03-16 15:27:54,571 0      [  restartedMain] INFO  aba.druid.pool.DruidDataSource  - {dataSource-1,edb} inited
2023-03-16 15:27:54,578 7      [  restartedMain] INFO  aba.druid.pool.DruidDataSource  - {dataSource-2,mwms_prd} inited
2023-03-16 15:39:48,865 714294 [extShutdownHook] INFO  aba.druid.pool.DruidDataSource  - {dataSource-1} closed
2023-03-16 15:39:48,878 714307 [extShutdownHook] INFO  aba.druid.pool.DruidDataSource  - {dataSource-2} closed
2023-03-16 16:02:46,089 0      [  restartedMain] INFO  aba.druid.pool.DruidDataSource  - {dataSource-1,edb} inited
2023-03-16 16:02:46,101 12     [  restartedMain] INFO  aba.druid.pool.DruidDataSource  - {dataSource-2,mwms_prd} inited
2023-03-16 16:02:51,640 5551   [  restartedMain] INFO  aba.druid.pool.DruidDataSource  - {dataSource-1} closed
2023-03-16 16:02:51,641 5552   [  restartedMain] INFO  aba.druid.pool.DruidDataSource  - {dataSource-2} closed
2023-03-16 16:11:13,827 0      [  restartedMain] INFO  aba.druid.pool.DruidDataSource  - {dataSource-1,edb} inited
2023-03-16 16:11:13,850 23     [  restartedMain] INFO  aba.druid.pool.DruidDataSource  - {dataSource-2,mwms_prd} inited
2023-03-16 16:11:18,363 4536   [  restartedMain] INFO  aba.druid.pool.DruidDataSource  - {dataSource-1} closed
2023-03-16 16:11:18,364 4537   [  restartedMain] INFO  aba.druid.pool.DruidDataSource  - {dataSource-2} closed
2023-03-16 16:12:46,500 0      [  restartedMain] INFO  aba.druid.pool.DruidDataSource  - {dataSource-1,edb} inited
2023-03-16 16:12:46,512 12     [  restartedMain] INFO  aba.druid.pool.DruidDataSource  - {dataSource-2,mwms_prd} inited
2023-03-16 16:12:51,253 4753   [  restartedMain] INFO  aba.druid.pool.DruidDataSource  - {dataSource-1} closed
2023-03-16 16:12:51,254 4754   [  restartedMain] INFO  aba.druid.pool.DruidDataSource  - {dataSource-2} closed
2023-03-16 16:19:29,601 0      [  restartedMain] INFO  aba.druid.pool.DruidDataSource  - {dataSource-1,edb} inited
2023-03-16 16:19:29,622 21     [  restartedMain] INFO  aba.druid.pool.DruidDataSource  - {dataSource-2,mwms_prd} inited
2023-03-16 16:19:34,546 4945   [  restartedMain] INFO  aba.druid.pool.DruidDataSource  - {dataSource-1} closed
2023-03-16 16:19:34,547 4946   [  restartedMain] INFO  aba.druid.pool.DruidDataSource  - {dataSource-2} closed
2023-03-16 16:21:58,566 0      [  restartedMain] INFO  aba.druid.pool.DruidDataSource  - {dataSource-1,edb} inited
2023-03-16 16:21:58,576 10     [  restartedMain] INFO  aba.druid.pool.DruidDataSource  - {dataSource-2,mwms_prd} inited
2023-03-16 16:24:45,853 167287 [extShutdownHook] INFO  aba.druid.pool.DruidDataSource  - {dataSource-1} closed
2023-03-16 16:24:45,854 167288 [extShutdownHook] INFO  aba.druid.pool.DruidDataSource  - {dataSource-2} closed
2023-03-16 16:25:15,602 0      [  restartedMain] INFO  aba.druid.pool.DruidDataSource  - {dataSource-1,edb} inited
2023-03-16 16:25:15,607 5      [  restartedMain] INFO  aba.druid.pool.DruidDataSource  - {dataSource-2,mwms_prd} inited
2023-03-16 16:49:38,675 1463073 [extShutdownHook] INFO  aba.druid.pool.DruidDataSource  - {dataSource-1} closed
2023-03-16 16:49:38,683 1463081 [extShutdownHook] INFO  aba.druid.pool.DruidDataSource  - {dataSource-2} closed
